<?xml version="1.0" encoding="UTF-8"?>
<!-- Generated by org.testng.reporters.JUnitReportReporter -->
<testsuite hostname="DESKTOP-MAG1I7D" failures="0" tests="1" name="tests.PurchaseFlowTest" time="0.713" errors="0" timestamp="29 Oct 2024 10:54:58 GMT" skipped="0">
  <testcase classname="tests.PurchaseFlowTest" name="testPurchaseFlow" time="0.713"/>
</testsuite> <!-- tests.PurchaseFlowTest -->
